[debug] [2022-01-22T08:26:45.626Z] ----------------------------------------------------------------------
[debug] [2022-01-22T08:26:45.629Z] Command:       C:\Program Files\nodejs\node.exe C:\Users\BETHEL HOST MAIN\AppData\Roaming\npm\node_modules\firebase-tools\lib\bin\firebase.js init
[debug] [2022-01-22T08:26:45.631Z] CLI Version:   10.1.2
[debug] [2022-01-22T08:26:45.631Z] Platform:      win32
[debug] [2022-01-22T08:26:45.631Z] Node Version:  v16.13.2
[debug] [2022-01-22T08:26:45.633Z] Time:          Sat Jan 22 2022 09:26:45 GMT+0100 (West Africa Standard Time)
[debug] [2022-01-22T08:26:45.633Z] ----------------------------------------------------------------------
[debug] 
[debug] [2022-01-22T08:26:45.652Z] > command requires scopes: ["email","openid","https://www.googleapis.com/auth/cloudplatformprojects.readonly","https://www.googleapis.com/auth/firebase","https://www.googleapis.com/auth/cloud-platform"]
[debug] [2022-01-22T08:26:45.653Z] > authorizing via signed-in user (odunzephilemon0@gmail.com)
[info] 
     ######## #### ########  ######## ########     ###     ######  ########
     ##        ##  ##     ## ##       ##     ##  ##   ##  ##       ##
     ######    ##  ########  ######   ########  #########  ######  ######
     ##        ##  ##    ##  ##       ##     ## ##     ##       ## ##
     ##       #### ##     ## ######## ########  ##     ##  ######  ########

You're about to initialize a Firebase project in this directory:

  E:\Documents

[info] 
=== Project Setup
[info] 
[info] First, let's associate this project directory with a Firebase project.
[info] You can create multiple project aliases by running firebase use --add, 
[info] but for now we'll just set up a default project.
[info] 
[debug] [2022-01-22T08:27:48.950Z] >>> [apiv2][query] GET https://firebase.googleapis.com/v1beta1/projects pageSize=100
[debug] [2022-01-22T08:27:50.053Z] <<< [apiv2][status] GET https://firebase.googleapis.com/v1beta1/projects 200
[debug] [2022-01-22T08:27:50.054Z] <<< [apiv2][body] GET https://firebase.googleapis.com/v1beta1/projects [omitted]
[info] i  Using project freewebsite-hosting-d3ced (freewebsite hosting) 
[info] 
=== Hosting Setup
[info] 
[info] Your public directory is the folder (relative to your project directory) that
[info] will contain Hosting assets to be uploaded with firebase deploy. If you
[info] have a build process for your assets, use your build's output directory.
[info] 
[info] +  Wrote public/404.html 
[debug] [2022-01-22T08:33:25.828Z] >>> [apiv2][query] GET https://www.gstatic.com/firebasejs/releases.json [none]
[debug] [2022-01-22T08:33:26.418Z] <<< [apiv2][status] GET https://www.gstatic.com/firebasejs/releases.json 200
[debug] [2022-01-22T08:33:26.418Z] <<< [apiv2][body] GET https://www.gstatic.com/firebasejs/releases.json {"current":{"version":"9.6.4","browserURL":"https://www.gstatic.com/firebasejs/9.6.4/firebase.js","packageURL":"https://www.gstatic.com/firebasejs/9.6.4/firebase.tgz"},"live":{"version":"9.6","browserURL":"https://www.gstatic.com/firebasejs/live/9.6/firebase.js","packageURL":"https://www.gstatic.com/firebasejs/live/9.6/firebase.tgz"},"components":{"analytics":"https://www.gstatic.com/firebasejs/9.6.4/firebase-analytics.js","app":"https://www.gstatic.com/firebasejs/9.6.4/firebase-app.js","app-check":"https://www.gstatic.com/firebasejs/9.6.4/firebase-app-check.js","auth":"https://www.gstatic.com/firebasejs/9.6.4/firebase-auth.js","auth/cordova":"https://www.gstatic.com/firebasejs/9.6.4/firebase-auth/cordova.js","auth/react-native":"https://www.gstatic.com/firebasejs/9.6.4/firebase-auth/react-native.js","functions":"https://www.gstatic.com/firebasejs/9.6.4/firebase-functions.js","firestore":"https://www.gstatic.com/firebasejs/9.6.4/firebase-firestore.js","firestore/lite":"https://www.gstatic.com/firebasejs/9.6.4/firebase-firestore/lite.js","storage":"https://www.gstatic.com/firebasejs/9.6.4/firebase-storage.js","performance":"https://www.gstatic.com/firebasejs/9.6.4/firebase-performance.js","remote-config":"https://www.gstatic.com/firebasejs/9.6.4/firebase-remote-config.js","messaging":"https://www.gstatic.com/firebasejs/9.6.4/firebase-messaging.js","messaging/sw":"https://www.gstatic.com/firebasejs/9.6.4/firebase-messaging/sw.js","database":"https://www.gstatic.com/firebasejs/9.6.4/firebase-database.js","firestore.memory":"https://www.gstatic.com/firebasejs/9.6.4/firebase-firestore.memory.js"}}
[info] i  Skipping write of public/index.html 
[info] 
[info] i  Didn't detect a .git folder. Assuming E:\Documents is the project root. 
[info] i  Authorizing with GitHub to upload your service account to a GitHub repository's secrets store. 
[info] 
[info] Visit this URL on this device to log in:
[info] https://github.com/login/oauth/authorize?client_id=89cf50f02ac6aaed3484&state=16043544&redirect_uri=http%3A%2F%2Flocalhost%3A9005&scope=read%3Auser%20repo%20public_repo
[info] 
[info] Waiting for authentication...
[debug] [2022-01-22T09:08:47.488Z] >>> HTTP REQUEST POST https://github.com/login/oauth/access_token  
 {"client_id":"89cf50f02ac6aaed3484","client_secret":"3330d14abc895d9a74d5f17cd7a00711fa2c5bf0","code":"7cc430ba4089c52a8fd4","redirect_uri":"http://localhost:9005","state":"16043544"}
[debug] [2022-01-22T09:08:48.975Z] <<< HTTP RESPONSE 200 {"server":"GitHub.com","date":"Sat, 22 Jan 2022 09:09:22 GMT","content-type":"application/json; charset=utf-8","transfer-encoding":"chunked","vary":"X-PJAX, X-PJAX-Container, Accept-Encoding, Accept, X-Requested-With","permissions-policy":"interest-cohort=()","etag":"W/\"0425836da4296f3c572000ccf4b38823\"","cache-control":"max-age=0, private, must-revalidate","strict-transport-security":"max-age=31536000; includeSubdomains; preload","x-frame-options":"deny","x-content-type-options":"nosniff","x-xss-protection":"0","referrer-policy":"origin-when-cross-origin, strict-origin-when-cross-origin","expect-ct":"max-age=2592000, report-uri=\"https://api.github.com/_private/browser/errors\"","content-security-policy":"default-src 'none'; base-uri 'self'; block-all-mixed-content; child-src github.com/assets-cdn/worker/ gist.github.com/assets-cdn/worker/; connect-src 'self' uploads.github.com objects-origin.githubusercontent.com www.githubstatus.com collector.githubapp.com api.github.com github-cloud.s3.amazonaws.com github-production-repository-file-5c1aeb.s3.amazonaws.com github-production-upload-manifest-file-7fdce7.s3.amazonaws.com github-production-user-asset-6210df.s3.amazonaws.com cdn.optimizely.com logx.optimizely.com/v1/events translator.github.com wss://alive.github.com; font-src github.githubassets.com; form-action 'self' github.com gist.github.com objects-origin.githubusercontent.com; frame-ancestors 'none'; frame-src render.githubusercontent.com viewscreen.githubusercontent.com notebooks.githubusercontent.com; img-src 'self' data: github.githubassets.com identicons.github.com collector.githubapp.com github-cloud.s3.amazonaws.com secured-user-images.githubusercontent.com/ *.githubusercontent.com; manifest-src 'self'; media-src github.com user-images.githubusercontent.com/; script-src github.githubassets.com; style-src 'unsafe-inline' github.githubassets.com; worker-src github.com/assets-cdn/worker/ gist.github.com/assets-cdn/worker/","x-github-request-id":"E8A3:6E66:5C09C5:69FC30:61EBC9C2"}
[debug] [2022-01-22T09:08:48.997Z] >>> [apiv2][query] GET https://api.github.com/user [none]
[debug] [2022-01-22T09:08:49.934Z] <<< [apiv2][status] GET https://api.github.com/user 200
[debug] [2022-01-22T09:08:49.934Z] <<< [apiv2][body] GET https://api.github.com/user {"login":"08fjj","id":98209961,"node_id":"U_kgDOBdqQqQ","avatar_url":"https://avatars.githubusercontent.com/u/98209961?v=4","gravatar_id":"","url":"https://api.github.com/users/08fjj","html_url":"https://github.com/08fjj","followers_url":"https://api.github.com/users/08fjj/followers","following_url":"https://api.github.com/users/08fjj/following{/other_user}","gists_url":"https://api.github.com/users/08fjj/gists{/gist_id}","starred_url":"https://api.github.com/users/08fjj/starred{/owner}{/repo}","subscriptions_url":"https://api.github.com/users/08fjj/subscriptions","organizations_url":"https://api.github.com/users/08fjj/orgs","repos_url":"https://api.github.com/users/08fjj/repos","events_url":"https://api.github.com/users/08fjj/events{/privacy}","received_events_url":"https://api.github.com/users/08fjj/received_events","type":"User","site_admin":false,"name":null,"company":null,"blog":"","location":null,"email":null,"hireable":null,"bio":null,"twitter_username":null,"public_repos":0,"public_gists":0,"followers":0,"following":0,"created_at":"2022-01-22T09:05:31Z","updated_at":"2022-01-22T09:05:31Z","private_gists":0,"total_private_repos":0,"owned_private_repos":0,"disk_usage":0,"collaborators":0,"two_factor_authentication":false,"plan":{"name":"free","space":976562499,"collaborators":0,"private_repos":10000}}
[info] 
[info] +  Success! Logged into GitHub as 08fjj 
[info] 
[debug] [2022-01-22T09:09:13.091Z] >>> [apiv2][query] GET https://api.github.com/repos//actions/secrets/public-key type=owner
[debug] [2022-01-22T09:09:13.778Z] <<< [apiv2][status] GET https://api.github.com/repos//actions/secrets/public-key 404
[debug] [2022-01-22T09:09:13.778Z] <<< [apiv2][body] GET https://api.github.com/repos//actions/secrets/public-key {"message":"Not Found","documentation_url":"https://docs.github.com/rest"}
[debug] [2022-01-22T09:09:42.777Z] >>> [apiv2][query] GET https://api.github.com/repos/Y/actions/secrets/public-key type=owner
[debug] [2022-01-22T09:09:43.418Z] <<< [apiv2][status] GET https://api.github.com/repos/Y/actions/secrets/public-key 404
[debug] [2022-01-22T09:09:43.418Z] <<< [apiv2][body] GET https://api.github.com/repos/Y/actions/secrets/public-key {"message":"Not Found","documentation_url":"https://docs.github.com/rest"}
[debug] [2022-01-22T09:09:44.106Z] >>> [apiv2][query] GET https://api.github.com/repos/Y/actions/secrets/public-key type=owner
[debug] [2022-01-22T09:09:44.746Z] <<< [apiv2][status] GET https://api.github.com/repos/Y/actions/secrets/public-key 404
[debug] [2022-01-22T09:09:44.746Z] <<< [apiv2][body] GET https://api.github.com/repos/Y/actions/secrets/public-key {"message":"Not Found","documentation_url":"https://docs.github.com/rest"}
[debug] [2022-01-22T09:10:36.941Z] >>> [apiv2][query] GET https://api.github.com/repos/Y/actions/secrets/public-key type=owner
[debug] [2022-01-22T09:10:37.673Z] <<< [apiv2][status] GET https://api.github.com/repos/Y/actions/secrets/public-key 404
[debug] [2022-01-22T09:10:37.673Z] <<< [apiv2][body] GET https://api.github.com/repos/Y/actions/secrets/public-key {"message":"Not Found","documentation_url":"https://docs.github.com/rest"}
[debug] [2022-01-22T09:10:39.887Z] >>> [apiv2][query] GET https://api.github.com/repos/Y/actions/secrets/public-key type=owner
[debug] [2022-01-22T09:10:40.543Z] <<< [apiv2][status] GET https://api.github.com/repos/Y/actions/secrets/public-key 404
[debug] [2022-01-22T09:10:40.543Z] <<< [apiv2][body] GET https://api.github.com/repos/Y/actions/secrets/public-key {"message":"Not Found","documentation_url":"https://docs.github.com/rest"}
[debug] [2022-01-22T09:10:48.419Z] >>> [apiv2][query] GET https://api.github.com/repos/y/actions/secrets/public-key type=owner
[debug] [2022-01-22T09:10:49.110Z] <<< [apiv2][status] GET https://api.github.com/repos/y/actions/secrets/public-key 404
[debug] [2022-01-22T09:10:49.110Z] <<< [apiv2][body] GET https://api.github.com/repos/y/actions/secrets/public-key {"message":"Not Found","documentation_url":"https://docs.github.com/rest"}
[debug] [2022-01-22T09:18:28.680Z] >>> [apiv2][query] GET https://api.github.com/repos/Cloud coin/actions/secrets/public-key type=owner
[debug] [2022-01-22T09:18:29.399Z] <<< [apiv2][status] GET https://api.github.com/repos/Cloud coin/actions/secrets/public-key 404
[debug] [2022-01-22T09:18:29.399Z] <<< [apiv2][body] GET https://api.github.com/repos/Cloud coin/actions/secrets/public-key {"message":"Not Found","documentation_url":"https://docs.github.com/rest"}
[debug] [2022-01-22T09:18:33.199Z] >>> [apiv2][query] GET https://api.github.com/repos/Cloud coin/actions/secrets/public-key type=owner
[debug] [2022-01-22T09:18:33.902Z] <<< [apiv2][status] GET https://api.github.com/repos/Cloud coin/actions/secrets/public-key 404
[debug] [2022-01-22T09:18:33.902Z] <<< [apiv2][body] GET https://api.github.com/repos/Cloud coin/actions/secrets/public-key {"message":"Not Found","documentation_url":"https://docs.github.com/rest"}
[debug] [2022-01-22T09:18:35.715Z] >>> [apiv2][query] GET https://api.github.com/repos/Cloud coin/actions/secrets/public-key type=owner
[debug] [2022-01-22T09:18:36.371Z] <<< [apiv2][status] GET https://api.github.com/repos/Cloud coin/actions/secrets/public-key 404
[debug] [2022-01-22T09:18:36.371Z] <<< [apiv2][body] GET https://api.github.com/repos/Cloud coin/actions/secrets/public-key {"message":"Not Found","documentation_url":"https://docs.github.com/rest"}
[debug] [2022-01-22T09:18:37.866Z] >>> [apiv2][query] GET https://api.github.com/repos/Cloud coin/actions/secrets/public-key type=owner
[debug] [2022-01-22T09:18:38.548Z] <<< [apiv2][status] GET https://api.github.com/repos/Cloud coin/actions/secrets/public-key 404
[debug] [2022-01-22T09:18:38.548Z] <<< [apiv2][body] GET https://api.github.com/repos/Cloud coin/actions/secrets/public-key {"message":"Not Found","documentation_url":"https://docs.github.com/rest"}
[debug] [2022-01-22T09:22:32.645Z] >>> [apiv2][query] GET https://api.github.com/repos/http://github.com/08fjj/Coud-coin.git/actions/secrets/public-key type=owner
[debug] [2022-01-22T09:22:33.176Z] >>> [apiv2][query] GET https://api.github.com/repos//actions/secrets/public-key type=owner
[debug] [2022-01-22T09:22:33.379Z] <<< [apiv2][status] GET https://api.github.com/repos/http://github.com/08fjj/Coud-coin.git/actions/secrets/public-key 404
[debug] [2022-01-22T09:22:33.379Z] <<< [apiv2][body] GET https://api.github.com/repos/http://github.com/08fjj/Coud-coin.git/actions/secrets/public-key {"message":"Not Found","documentation_url":"https://docs.github.com/rest"}
[debug] [2022-01-22T09:22:33.826Z] <<< [apiv2][status] GET https://api.github.com/repos//actions/secrets/public-key 404
[debug] [2022-01-22T09:22:33.826Z] <<< [apiv2][body] GET https://api.github.com/repos//actions/secrets/public-key {"message":"Not Found","documentation_url":"https://docs.github.com/rest"}
[debug] [2022-01-22T09:22:33.888Z] >>> [apiv2][query] GET https://api.github.com/repos/http://github.com/08fjj/Coud-coin.git/actions/secrets/public-key type=owner
[debug] [2022-01-22T09:22:34.591Z] <<< [apiv2][status] GET https://api.github.com/repos/http://github.com/08fjj/Coud-coin.git/actions/secrets/public-key 404
[debug] [2022-01-22T09:22:34.591Z] <<< [apiv2][body] GET https://api.github.com/repos/http://github.com/08fjj/Coud-coin.git/actions/secrets/public-key {"message":"Not Found","documentation_url":"https://docs.github.com/rest"}
[debug] [2022-01-22T09:22:34.732Z] >>> [apiv2][query] GET https://api.github.com/repos/http://github.com/08fjj/Coud-coin.git/actions/secrets/public-key type=owner
[debug] [2022-01-22T09:22:35.375Z] <<< [apiv2][status] GET https://api.github.com/repos/http://github.com/08fjj/Coud-coin.git/actions/secrets/public-key 404
[debug] [2022-01-22T09:22:35.375Z] <<< [apiv2][body] GET https://api.github.com/repos/http://github.com/08fjj/Coud-coin.git/actions/secrets/public-key {"message":"Not Found","documentation_url":"https://docs.github.com/rest"}
[debug] [2022-01-22T09:22:36.683Z] >>> [apiv2][query] GET https://api.github.com/repos/http://github.com/08fjj/Coud-coin.git/actions/secrets/public-key type=owner
[debug] [2022-01-22T09:22:37.360Z] <<< [apiv2][status] GET https://api.github.com/repos/http://github.com/08fjj/Coud-coin.git/actions/secrets/public-key 404
[debug] [2022-01-22T09:22:37.360Z] <<< [apiv2][body] GET https://api.github.com/repos/http://github.com/08fjj/Coud-coin.git/actions/secrets/public-key {"message":"Not Found","documentation_url":"https://docs.github.com/rest"}
[debug] [2022-01-22T09:22:43.005Z] >>> [apiv2][query] GET https://api.github.com/repos/http://github.com/08fjj/Coud-coin.git/actions/secrets/public-key type=owner
[debug] [2022-01-22T09:22:43.690Z] <<< [apiv2][status] GET https://api.github.com/repos/http://github.com/08fjj/Coud-coin.git/actions/secrets/public-key 404
[debug] [2022-01-22T09:22:43.690Z] <<< [apiv2][body] GET https://api.github.com/repos/http://github.com/08fjj/Coud-coin.git/actions/secrets/public-key {"message":"Not Found","documentation_url":"https://docs.github.com/rest"}
